<?xml version="1.0" encoding="UTF-8"?>
<!-- Generated by org.testng.reporters.JUnitXMLReporter -->
<testsuite ignored="0" hostname="Nagesh" failures="0" tests="5" name="Default test" time="66.733" errors="0" timestamp="2025-12-22T20:22:51 IST">
  <testcase classname="test.VerifyApplicationHeaderPage" name="verifyClickOnTimeTrack" time="1.32"/>
  <testcase classname="test.VerifyApplicationHeaderPage" name="verifyClickOnTask" time="5.813"/>
  <testcase classname="test.VerifyApplicationHeaderPage" name="verifyClickOnReport" time="4.385"/>
  <testcase classname="test.VerifyApplicationHeaderPage" name="verifyClickOnUser" time="8.264"/>
  <testcase classname="test.VerifyApplicationHeaderPage" name="verifyClickOnWorkSchedule" time="1.702"/>
</testsuite> <!-- Default test -->
