<?xml version="1.0" encoding="UTF-8"?>
<!-- Generated by org.testng.reporters.JUnitXMLReporter -->
<testsuite ignored="0" hostname="Nagesh" failures="0" tests="8" name="Test" time="62.153" errors="0" timestamp="2025-12-23T16:23:59 IST">
  <testcase classname="test.VerifyApplicationHeaderPage" name="verifyClickOnTimeTrack" time="0.895"/>
  <testcase classname="test.VerifyApplicationHeaderPage" name="verifyClickOnTask" time="1.223"/>
  <testcase classname="test.VerifyApplicationHeaderPage" name="verifyClickOnReport" time="1.094"/>
  <testcase classname="test.VerifyApplicationHeaderPage" name="verifyClickOnUser" time="2.271"/>
  <testcase classname="test.VerifyApplicationHeaderPage" name="verifyClickOnWorkSchedule" time="0.93"/>
  <testcase classname="test.VerifyLoginPage" name="verifyUrl" time="0.01"/>
  <testcase classname="test.VerifyLoginPage" name="verifyTitle" time="0.009"/>
  <testcase classname="test.VerifyLoginPage" name="verifyLoginPageTestCases" time="8.728"/>
</testsuite> <!-- Test -->
