<?xml version="1.0" encoding="UTF-8"?>
<testng-results ignored="0" total="8" passed="8" failed="0" skipped="0">
  <reporter-output>
  </reporter-output>
  <suite started-at="2025-12-23T16:22:57 IST" name="Suite" finished-at="2025-12-23T16:23:59 IST" duration-ms="62153">
    <groups>
      <group name="Sanity">
        <method signature="VerifyApplicationHeaderPage.verifyClickOnTimeTrack()[pri:1, instance:test.VerifyApplicationHeaderPage@4550bb58]" name="verifyClickOnTimeTrack" class="test.VerifyApplicationHeaderPage"/>
        <method signature="VerifyLoginPage.verifyUrl()[pri:1, instance:test.VerifyLoginPage@77fbd92c]" name="verifyUrl" class="test.VerifyLoginPage"/>
        <method signature="VerifyApplicationHeaderPage.verifyClickOnReport()[pri:3, instance:test.VerifyApplicationHeaderPage@4550bb58]" name="verifyClickOnReport" class="test.VerifyApplicationHeaderPage"/>
      </group> <!-- Sanity -->
      <group name="Regression">
        <method signature="VerifyApplicationHeaderPage.verifyClickOnTask()[pri:2, instance:test.VerifyApplicationHeaderPage@4550bb58]" name="verifyClickOnTask" class="test.VerifyApplicationHeaderPage"/>
        <method signature="VerifyLoginPage.verifyTitle()[pri:2, instance:test.VerifyLoginPage@77fbd92c]" name="verifyTitle" class="test.VerifyLoginPage"/>
        <method signature="VerifyLoginPage.verifyLoginPageTestCases()[pri:3, instance:test.VerifyLoginPage@77fbd92c]" name="verifyLoginPageTestCases" class="test.VerifyLoginPage"/>
        <method signature="VerifyApplicationHeaderPage.verifyClickOnUser()[pri:4, instance:test.VerifyApplicationHeaderPage@4550bb58]" name="verifyClickOnUser" class="test.VerifyApplicationHeaderPage"/>
      </group> <!-- Regression -->
    </groups>
    <test started-at="2025-12-23T16:22:57 IST" name="Test" finished-at="2025-12-23T16:23:59 IST" duration-ms="62153">
      <class name="test.VerifyLoginPage">
        <test-method is-config="true" signature="lounchBrowser()[pri:0, instance:test.VerifyLoginPage@77fbd92c]" started-at="2025-12-23T16:23:46 IST" name="lounchBrowser" finished-at="2025-12-23T16:23:51 IST" duration-ms="4332" status="PASS">
          <reporter-output>
          </reporter-output>
        </test-method> <!-- lounchBrowser -->
        <test-method is-config="true" signature="createObject()[pri:0, instance:test.VerifyLoginPage@77fbd92c]" started-at="2025-12-23T16:23:51 IST" name="createObject" finished-at="2025-12-23T16:23:51 IST" duration-ms="2" status="PASS">
          <reporter-output>
          </reporter-output>
        </test-method> <!-- createObject -->
        <test-method signature="verifyUrl()[pri:1, instance:test.VerifyLoginPage@77fbd92c]" started-at="2025-12-23T16:23:51 IST" name="verifyUrl" finished-at="2025-12-23T16:23:51 IST" duration-ms="10" status="PASS">
          <reporter-output>
          </reporter-output>
        </test-method> <!-- verifyUrl -->
        <test-method is-config="true" signature="clearObject()[pri:0, instance:test.VerifyLoginPage@77fbd92c]" started-at="2025-12-23T16:23:51 IST" name="clearObject" finished-at="2025-12-23T16:23:51 IST" duration-ms="1" status="PASS">
          <reporter-output>
          </reporter-output>
        </test-method> <!-- clearObject -->
        <test-method is-config="true" signature="createObject()[pri:0, instance:test.VerifyLoginPage@77fbd92c]" started-at="2025-12-23T16:23:51 IST" name="createObject" finished-at="2025-12-23T16:23:51 IST" duration-ms="1" status="PASS">
          <reporter-output>
          </reporter-output>
        </test-method> <!-- createObject -->
        <test-method signature="verifyTitle()[pri:2, instance:test.VerifyLoginPage@77fbd92c]" started-at="2025-12-23T16:23:51 IST" name="verifyTitle" finished-at="2025-12-23T16:23:51 IST" duration-ms="9" status="PASS">
          <reporter-output>
          </reporter-output>
        </test-method> <!-- verifyTitle -->
        <test-method is-config="true" signature="clearObject()[pri:0, instance:test.VerifyLoginPage@77fbd92c]" started-at="2025-12-23T16:23:51 IST" name="clearObject" finished-at="2025-12-23T16:23:51 IST" duration-ms="1" status="PASS">
          <reporter-output>
          </reporter-output>
        </test-method> <!-- clearObject -->
        <test-method is-config="true" signature="createObject()[pri:0, instance:test.VerifyLoginPage@77fbd92c]" started-at="2025-12-23T16:23:51 IST" name="createObject" finished-at="2025-12-23T16:23:51 IST" duration-ms="1" status="PASS">
          <reporter-output>
          </reporter-output>
        </test-method> <!-- createObject -->
        <test-method signature="verifyLoginPageTestCases()[pri:3, instance:test.VerifyLoginPage@77fbd92c]" started-at="2025-12-23T16:23:51 IST" name="verifyLoginPageTestCases" finished-at="2025-12-23T16:23:59 IST" duration-ms="8728" status="PASS">
          <reporter-output>
          </reporter-output>
        </test-method> <!-- verifyLoginPageTestCases -->
        <test-method is-config="true" signature="clearObject()[pri:0, instance:test.VerifyLoginPage@77fbd92c]" started-at="2025-12-23T16:23:59 IST" name="clearObject" finished-at="2025-12-23T16:23:59 IST" duration-ms="1" status="PASS">
          <reporter-output>
          </reporter-output>
        </test-method> <!-- clearObject -->
        <test-method is-config="true" signature="closeBrowser()[pri:0, instance:test.VerifyLoginPage@77fbd92c]" started-at="2025-12-23T16:23:59 IST" name="closeBrowser" finished-at="2025-12-23T16:23:59 IST" duration-ms="148" status="PASS">
          <reporter-output>
          </reporter-output>
        </test-method> <!-- closeBrowser -->
      </class> <!-- test.VerifyLoginPage -->
      <class name="test.VerifyApplicationHeaderPage">
        <test-method is-config="true" signature="lounchBrowser()[pri:0, instance:test.VerifyApplicationHeaderPage@4550bb58]" started-at="2025-12-23T16:22:57 IST" name="lounchBrowser" finished-at="2025-12-23T16:22:58 IST" duration-ms="573" status="PASS">
          <reporter-output>
          </reporter-output>
        </test-method> <!-- lounchBrowser -->
        <test-method is-config="true" signature="createObject()[pri:0, instance:test.VerifyApplicationHeaderPage@4550bb58]" started-at="2025-12-23T16:22:58 IST" name="createObject" finished-at="2025-12-23T16:23:09 IST" duration-ms="10691" status="PASS">
          <reporter-output>
          </reporter-output>
        </test-method> <!-- createObject -->
        <test-method signature="verifyClickOnTimeTrack()[pri:1, instance:test.VerifyApplicationHeaderPage@4550bb58]" started-at="2025-12-23T16:23:09 IST" name="verifyClickOnTimeTrack" finished-at="2025-12-23T16:23:10 IST" duration-ms="895" status="PASS">
          <reporter-output>
          </reporter-output>
        </test-method> <!-- verifyClickOnTimeTrack -->
        <test-method is-config="true" signature="clearObject(org.testng.ITestResult)[pri:0, instance:test.VerifyApplicationHeaderPage@4550bb58]" started-at="2025-12-23T16:23:10 IST" name="clearObject" finished-at="2025-12-23T16:23:10 IST" duration-ms="146" status="PASS">
          <params>
            <param index="0">
              <value>
                <![CDATA[[TestResult name=verifyClickOnTimeTrack status=SUCCESS method=VerifyApplicationHeaderPage.verifyClickOnTimeTrack()[pri:1, instance:test.VerifyApplicationHeaderPage@4550bb58] output={null}]]]>
              </value>
            </param>
          </params>
          <reporter-output>
          </reporter-output>
        </test-method> <!-- clearObject -->
        <test-method is-config="true" signature="createObject()[pri:0, instance:test.VerifyApplicationHeaderPage@4550bb58]" started-at="2025-12-23T16:23:10 IST" name="createObject" finished-at="2025-12-23T16:23:17 IST" duration-ms="7220" status="PASS">
          <reporter-output>
          </reporter-output>
        </test-method> <!-- createObject -->
        <test-method signature="verifyClickOnTask()[pri:2, instance:test.VerifyApplicationHeaderPage@4550bb58]" started-at="2025-12-23T16:23:17 IST" name="verifyClickOnTask" finished-at="2025-12-23T16:23:18 IST" duration-ms="1223" status="PASS">
          <reporter-output>
          </reporter-output>
        </test-method> <!-- verifyClickOnTask -->
        <test-method is-config="true" signature="clearObject(org.testng.ITestResult)[pri:0, instance:test.VerifyApplicationHeaderPage@4550bb58]" started-at="2025-12-23T16:23:18 IST" name="clearObject" finished-at="2025-12-23T16:23:18 IST" duration-ms="147" status="PASS">
          <params>
            <param index="0">
              <value>
                <![CDATA[[TestResult name=verifyClickOnTask status=SUCCESS method=VerifyApplicationHeaderPage.verifyClickOnTask()[pri:2, instance:test.VerifyApplicationHeaderPage@4550bb58] output={null}]]]>
              </value>
            </param>
          </params>
          <reporter-output>
          </reporter-output>
        </test-method> <!-- clearObject -->
        <test-method is-config="true" signature="createObject()[pri:0, instance:test.VerifyApplicationHeaderPage@4550bb58]" started-at="2025-12-23T16:23:18 IST" name="createObject" finished-at="2025-12-23T16:23:26 IST" duration-ms="7305" status="PASS">
          <reporter-output>
          </reporter-output>
        </test-method> <!-- createObject -->
        <test-method signature="verifyClickOnReport()[pri:3, instance:test.VerifyApplicationHeaderPage@4550bb58]" started-at="2025-12-23T16:23:26 IST" name="verifyClickOnReport" finished-at="2025-12-23T16:23:27 IST" duration-ms="1094" status="PASS">
          <reporter-output>
          </reporter-output>
        </test-method> <!-- verifyClickOnReport -->
        <test-method is-config="true" signature="clearObject(org.testng.ITestResult)[pri:0, instance:test.VerifyApplicationHeaderPage@4550bb58]" started-at="2025-12-23T16:23:27 IST" name="clearObject" finished-at="2025-12-23T16:23:27 IST" duration-ms="183" status="PASS">
          <params>
            <param index="0">
              <value>
                <![CDATA[[TestResult name=verifyClickOnReport status=SUCCESS method=VerifyApplicationHeaderPage.verifyClickOnReport()[pri:3, instance:test.VerifyApplicationHeaderPage@4550bb58] output={null}]]]>
              </value>
            </param>
          </params>
          <reporter-output>
          </reporter-output>
        </test-method> <!-- clearObject -->
        <test-method is-config="true" signature="createObject()[pri:0, instance:test.VerifyApplicationHeaderPage@4550bb58]" started-at="2025-12-23T16:23:27 IST" name="createObject" finished-at="2025-12-23T16:23:35 IST" duration-ms="8170" status="PASS">
          <reporter-output>
          </reporter-output>
        </test-method> <!-- createObject -->
        <test-method signature="verifyClickOnUser()[pri:4, instance:test.VerifyApplicationHeaderPage@4550bb58]" started-at="2025-12-23T16:23:35 IST" name="verifyClickOnUser" finished-at="2025-12-23T16:23:37 IST" duration-ms="2271" status="PASS">
          <reporter-output>
          </reporter-output>
        </test-method> <!-- verifyClickOnUser -->
        <test-method is-config="true" signature="clearObject(org.testng.ITestResult)[pri:0, instance:test.VerifyApplicationHeaderPage@4550bb58]" started-at="2025-12-23T16:23:37 IST" name="clearObject" finished-at="2025-12-23T16:23:38 IST" duration-ms="225" status="PASS">
          <params>
            <param index="0">
              <value>
                <![CDATA[[TestResult name=verifyClickOnUser status=SUCCESS method=VerifyApplicationHeaderPage.verifyClickOnUser()[pri:4, instance:test.VerifyApplicationHeaderPage@4550bb58] output={null}]]]>
              </value>
            </param>
          </params>
          <reporter-output>
          </reporter-output>
        </test-method> <!-- clearObject -->
        <test-method is-config="true" signature="createObject()[pri:0, instance:test.VerifyApplicationHeaderPage@4550bb58]" started-at="2025-12-23T16:23:38 IST" name="createObject" finished-at="2025-12-23T16:23:45 IST" duration-ms="7617" status="PASS">
          <reporter-output>
          </reporter-output>
        </test-method> <!-- createObject -->
        <test-method signature="verifyClickOnWorkSchedule()[pri:5, instance:test.VerifyApplicationHeaderPage@4550bb58]" started-at="2025-12-23T16:23:45 IST" name="verifyClickOnWorkSchedule" finished-at="2025-12-23T16:23:46 IST" duration-ms="930" status="PASS">
          <reporter-output>
          </reporter-output>
        </test-method> <!-- verifyClickOnWorkSchedule -->
        <test-method is-config="true" signature="clearObject(org.testng.ITestResult)[pri:0, instance:test.VerifyApplicationHeaderPage@4550bb58]" started-at="2025-12-23T16:23:46 IST" name="clearObject" finished-at="2025-12-23T16:23:46 IST" duration-ms="97" status="PASS">
          <params>
            <param index="0">
              <value>
                <![CDATA[[TestResult name=verifyClickOnWorkSchedule status=SUCCESS method=VerifyApplicationHeaderPage.verifyClickOnWorkSchedule()[pri:5, instance:test.VerifyApplicationHeaderPage@4550bb58] output={null}]]]>
              </value>
            </param>
          </params>
          <reporter-output>
          </reporter-output>
        </test-method> <!-- clearObject -->
        <test-method is-config="true" signature="closeBrowser()[pri:0, instance:test.VerifyApplicationHeaderPage@4550bb58]" started-at="2025-12-23T16:23:46 IST" name="closeBrowser" finished-at="2025-12-23T16:23:46 IST" duration-ms="42" status="PASS">
          <reporter-output>
          </reporter-output>
        </test-method> <!-- closeBrowser -->
      </class> <!-- test.VerifyApplicationHeaderPage -->
    </test> <!-- Test -->
  </suite> <!-- Suite -->
</testng-results>
