<?xml version="1.0" encoding="UTF-8"?>
<testng-results ignored="0" total="5" passed="5" failed="0" skipped="0">
  <reporter-output>
  </reporter-output>
  <suite started-at="2025-12-22T20:21:44 IST" name="Default suite" finished-at="2025-12-22T20:22:51 IST" duration-ms="66733">
    <groups>
      <group name="Sanity">
        <method signature="VerifyApplicationHeaderPage.verifyClickOnTimeTrack()[pri:1, instance:test.VerifyApplicationHeaderPage@28261e8e]" name="verifyClickOnTimeTrack" class="test.VerifyApplicationHeaderPage"/>
        <method signature="VerifyApplicationHeaderPage.verifyClickOnReport()[pri:3, instance:test.VerifyApplicationHeaderPage@28261e8e]" name="verifyClickOnReport" class="test.VerifyApplicationHeaderPage"/>
      </group> <!-- Sanity -->
      <group name="Regression">
        <method signature="VerifyApplicationHeaderPage.verifyClickOnTask()[pri:2, instance:test.VerifyApplicationHeaderPage@28261e8e]" name="verifyClickOnTask" class="test.VerifyApplicationHeaderPage"/>
        <method signature="VerifyApplicationHeaderPage.verifyClickOnUser()[pri:4, instance:test.VerifyApplicationHeaderPage@28261e8e]" name="verifyClickOnUser" class="test.VerifyApplicationHeaderPage"/>
      </group> <!-- Regression -->
    </groups>
    <test started-at="2025-12-22T20:21:44 IST" name="Default test" finished-at="2025-12-22T20:22:51 IST" duration-ms="66733">
      <class name="test.VerifyApplicationHeaderPage">
        <test-method is-config="true" signature="lounchBrowser()[pri:0, instance:test.VerifyApplicationHeaderPage@28261e8e]" started-at="2025-12-22T20:21:45 IST" name="lounchBrowser" finished-at="2025-12-22T20:21:45 IST" duration-ms="673" status="PASS">
          <reporter-output>
          </reporter-output>
        </test-method> <!-- lounchBrowser -->
        <test-method is-config="true" signature="createObject()[pri:0, instance:test.VerifyApplicationHeaderPage@28261e8e]" started-at="2025-12-22T20:21:45 IST" name="createObject" finished-at="2025-12-22T20:21:55 IST" duration-ms="10198" status="PASS">
          <reporter-output>
          </reporter-output>
        </test-method> <!-- createObject -->
        <test-method signature="verifyClickOnTimeTrack()[pri:1, instance:test.VerifyApplicationHeaderPage@28261e8e]" started-at="2025-12-22T20:21:55 IST" name="verifyClickOnTimeTrack" finished-at="2025-12-22T20:21:57 IST" duration-ms="1320" status="PASS">
          <reporter-output>
          </reporter-output>
        </test-method> <!-- verifyClickOnTimeTrack -->
        <test-method is-config="true" signature="clearObject(org.testng.ITestResult)[pri:0, instance:test.VerifyApplicationHeaderPage@28261e8e]" started-at="2025-12-22T20:21:57 IST" name="clearObject" finished-at="2025-12-22T20:21:57 IST" duration-ms="340" status="PASS">
          <params>
            <param index="0">
              <value>
                <![CDATA[[TestResult name=verifyClickOnTimeTrack status=SUCCESS method=VerifyApplicationHeaderPage.verifyClickOnTimeTrack()[pri:1, instance:test.VerifyApplicationHeaderPage@28261e8e] output={null}]]]>
              </value>
            </param>
          </params>
          <reporter-output>
          </reporter-output>
        </test-method> <!-- clearObject -->
        <test-method is-config="true" signature="createObject()[pri:0, instance:test.VerifyApplicationHeaderPage@28261e8e]" started-at="2025-12-22T20:21:57 IST" name="createObject" finished-at="2025-12-22T20:22:06 IST" duration-ms="8442" status="PASS">
          <reporter-output>
          </reporter-output>
        </test-method> <!-- createObject -->
        <test-method signature="verifyClickOnTask()[pri:2, instance:test.VerifyApplicationHeaderPage@28261e8e]" started-at="2025-12-22T20:22:06 IST" name="verifyClickOnTask" finished-at="2025-12-22T20:22:11 IST" duration-ms="5813" status="PASS">
          <reporter-output>
          </reporter-output>
        </test-method> <!-- verifyClickOnTask -->
        <test-method is-config="true" signature="clearObject(org.testng.ITestResult)[pri:0, instance:test.VerifyApplicationHeaderPage@28261e8e]" started-at="2025-12-22T20:22:11 IST" name="clearObject" finished-at="2025-12-22T20:22:12 IST" duration-ms="370" status="PASS">
          <params>
            <param index="0">
              <value>
                <![CDATA[[TestResult name=verifyClickOnTask status=SUCCESS method=VerifyApplicationHeaderPage.verifyClickOnTask()[pri:2, instance:test.VerifyApplicationHeaderPage@28261e8e] output={null}]]]>
              </value>
            </param>
          </params>
          <reporter-output>
          </reporter-output>
        </test-method> <!-- clearObject -->
        <test-method is-config="true" signature="createObject()[pri:0, instance:test.VerifyApplicationHeaderPage@28261e8e]" started-at="2025-12-22T20:22:12 IST" name="createObject" finished-at="2025-12-22T20:22:20 IST" duration-ms="7992" status="PASS">
          <reporter-output>
          </reporter-output>
        </test-method> <!-- createObject -->
        <test-method signature="verifyClickOnReport()[pri:3, instance:test.VerifyApplicationHeaderPage@28261e8e]" started-at="2025-12-22T20:22:20 IST" name="verifyClickOnReport" finished-at="2025-12-22T20:22:24 IST" duration-ms="4385" status="PASS">
          <reporter-output>
          </reporter-output>
        </test-method> <!-- verifyClickOnReport -->
        <test-method is-config="true" signature="clearObject(org.testng.ITestResult)[pri:0, instance:test.VerifyApplicationHeaderPage@28261e8e]" started-at="2025-12-22T20:22:24 IST" name="clearObject" finished-at="2025-12-22T20:22:24 IST" duration-ms="310" status="PASS">
          <params>
            <param index="0">
              <value>
                <![CDATA[[TestResult name=verifyClickOnReport status=SUCCESS method=VerifyApplicationHeaderPage.verifyClickOnReport()[pri:3, instance:test.VerifyApplicationHeaderPage@28261e8e] output={null}]]]>
              </value>
            </param>
          </params>
          <reporter-output>
          </reporter-output>
        </test-method> <!-- clearObject -->
        <test-method is-config="true" signature="createObject()[pri:0, instance:test.VerifyApplicationHeaderPage@28261e8e]" started-at="2025-12-22T20:22:24 IST" name="createObject" finished-at="2025-12-22T20:22:33 IST" duration-ms="8578" status="PASS">
          <reporter-output>
          </reporter-output>
        </test-method> <!-- createObject -->
        <test-method signature="verifyClickOnUser()[pri:4, instance:test.VerifyApplicationHeaderPage@28261e8e]" started-at="2025-12-22T20:22:33 IST" name="verifyClickOnUser" finished-at="2025-12-22T20:22:41 IST" duration-ms="8264" status="PASS">
          <reporter-output>
          </reporter-output>
        </test-method> <!-- verifyClickOnUser -->
        <test-method is-config="true" signature="clearObject(org.testng.ITestResult)[pri:0, instance:test.VerifyApplicationHeaderPage@28261e8e]" started-at="2025-12-22T20:22:41 IST" name="clearObject" finished-at="2025-12-22T20:22:42 IST" duration-ms="470" status="PASS">
          <params>
            <param index="0">
              <value>
                <![CDATA[[TestResult name=verifyClickOnUser status=SUCCESS method=VerifyApplicationHeaderPage.verifyClickOnUser()[pri:4, instance:test.VerifyApplicationHeaderPage@28261e8e] output={null}]]]>
              </value>
            </param>
          </params>
          <reporter-output>
          </reporter-output>
        </test-method> <!-- clearObject -->
        <test-method is-config="true" signature="createObject()[pri:0, instance:test.VerifyApplicationHeaderPage@28261e8e]" started-at="2025-12-22T20:22:42 IST" name="createObject" finished-at="2025-12-22T20:22:49 IST" duration-ms="7429" status="PASS">
          <reporter-output>
          </reporter-output>
        </test-method> <!-- createObject -->
        <test-method signature="verifyClickOnWorkSchedule()[pri:5, instance:test.VerifyApplicationHeaderPage@28261e8e]" started-at="2025-12-22T20:22:49 IST" name="verifyClickOnWorkSchedule" finished-at="2025-12-22T20:22:51 IST" duration-ms="1702" status="PASS">
          <reporter-output>
          </reporter-output>
        </test-method> <!-- verifyClickOnWorkSchedule -->
        <test-method is-config="true" signature="clearObject(org.testng.ITestResult)[pri:0, instance:test.VerifyApplicationHeaderPage@28261e8e]" started-at="2025-12-22T20:22:51 IST" name="clearObject" finished-at="2025-12-22T20:22:51 IST" duration-ms="269" status="PASS">
          <params>
            <param index="0">
              <value>
                <![CDATA[[TestResult name=verifyClickOnWorkSchedule status=SUCCESS method=VerifyApplicationHeaderPage.verifyClickOnWorkSchedule()[pri:5, instance:test.VerifyApplicationHeaderPage@28261e8e] output={null}]]]>
              </value>
            </param>
          </params>
          <reporter-output>
          </reporter-output>
        </test-method> <!-- clearObject -->
        <test-method is-config="true" signature="closeBrowser()[pri:0, instance:test.VerifyApplicationHeaderPage@28261e8e]" started-at="2025-12-22T20:22:51 IST" name="closeBrowser" finished-at="2025-12-22T20:22:51 IST" duration-ms="70" status="PASS">
          <reporter-output>
          </reporter-output>
        </test-method> <!-- closeBrowser -->
      </class> <!-- test.VerifyApplicationHeaderPage -->
    </test> <!-- Default test -->
  </suite> <!-- Default suite -->
</testng-results>
