<?xml version="1.0" encoding="UTF-8"?>
<!-- Generated by org.testng.reporters.JUnitReportReporter -->
<testsuite hostname="Nagesh" failures="0" tests="3" name="test.VerifyLoginPage" time="9.339" errors="0" timestamp="2025-12-22T20:21:14 IST" skipped="0">
  <testcase classname="test.VerifyLoginPage" name="verifyUrl" time="0.092"/>
  <testcase classname="test.VerifyLoginPage" name="verifyTitle" time="0.024"/>
  <testcase classname="test.VerifyLoginPage" name="verifyLoginPageTestCases" time="9.223"/>
</testsuite> <!-- test.VerifyLoginPage -->
