<?xml version="1.0" encoding="UTF-8"?>
<!-- Generated by org.testng.reporters.JUnitReportReporter -->
<testsuite hostname="Nagesh" failures="0" tests="5" name="test.VerifyApplicationHeaderPage" time="65.882" errors="0" timestamp="2025-12-22T20:22:52 IST" skipped="0">
  <testcase classname="test.VerifyApplicationHeaderPage" name="verifyClickOnTimeTrack" time="11.988"/>
  <testcase classname="test.VerifyApplicationHeaderPage" name="verifyClickOnTask" time="14.145"/>
  <testcase classname="test.VerifyApplicationHeaderPage" name="verifyClickOnReport" time="12.083"/>
  <testcase classname="test.VerifyApplicationHeaderPage" name="verifyClickOnUser" time="17.076"/>
  <testcase classname="test.VerifyApplicationHeaderPage" name="verifyClickOnWorkSchedule" time="10.590"/>
</testsuite> <!-- test.VerifyApplicationHeaderPage -->
