<?xml version="1.0" encoding="UTF-8"?>
<!-- Generated by org.testng.reporters.JUnitReportReporter -->
<testsuite hostname="Nagesh" failures="0" tests="5" name="test.VerifyApplicationHeaderPage" time="48.214" errors="0" timestamp="2025-12-23T16:24:00 IST" skipped="0">
  <testcase classname="test.VerifyApplicationHeaderPage" name="verifyClickOnTimeTrack" time="8.340"/>
  <testcase classname="test.VerifyApplicationHeaderPage" name="verifyClickOnTask" time="9.539"/>
  <testcase classname="test.VerifyApplicationHeaderPage" name="verifyClickOnReport" time="8.582"/>
  <testcase classname="test.VerifyApplicationHeaderPage" name="verifyClickOnUser" time="13.109"/>
  <testcase classname="test.VerifyApplicationHeaderPage" name="verifyClickOnWorkSchedule" time="8.644"/>
</testsuite> <!-- test.VerifyApplicationHeaderPage -->
