<?xml version="1.0" encoding="UTF-8"?>
<!-- Generated by org.testng.reporters.JUnitReportReporter -->
<testsuite hostname="Nagesh" failures="0" tests="3" name="test.VerifyLoginPage" time="8.754" errors="0" timestamp="2025-12-23T16:24:00 IST" skipped="0">
  <testcase classname="test.VerifyLoginPage" name="verifyUrl" time="0.012"/>
  <testcase classname="test.VerifyLoginPage" name="verifyTitle" time="0.011"/>
  <testcase classname="test.VerifyLoginPage" name="verifyLoginPageTestCases" time="8.731"/>
</testsuite> <!-- test.VerifyLoginPage -->
